[debug] [2020-05-23T09:29:55.391Z] ----------------------------------------------------------------------
[debug] [2020-05-23T09:29:55.393Z] Command:       /usr/bin/node /usr/bin/firebase deploy
[debug] [2020-05-23T09:29:55.393Z] CLI Version:   7.3.2
[debug] [2020-05-23T09:29:55.393Z] Platform:      linux
[debug] [2020-05-23T09:29:55.393Z] Node Version:  v10.16.3
[debug] [2020-05-23T09:29:55.393Z] Time:          Sat May 23 2020 14:59:55 GMT+0530 (India Standard Time)
[debug] [2020-05-23T09:29:55.393Z] ----------------------------------------------------------------------
[debug] 
[debug] [2020-05-23T09:29:55.398Z] > command requires scopes: ["email","openid","https://www.googleapis.com/auth/cloudplatformprojects.readonly","https://www.googleapis.com/auth/firebase","https://www.googleapis.com/auth/cloud-platform"]
[debug] [2020-05-23T09:29:55.399Z] > authorizing via signed-in user
[debug] [2020-05-23T09:29:55.399Z] [iam] checking project wysa-8fb91 for permissions ["firebase.projects.get","firebasehosting.sites.update"]
[debug] [2020-05-23T09:29:55.400Z] > refreshing access token with scopes: ["email","https://www.googleapis.com/auth/cloud-platform","https://www.googleapis.com/auth/cloudplatformprojects.readonly","https://www.googleapis.com/auth/firebase","openid"]
[debug] [2020-05-23T09:29:55.400Z] >>> HTTP REQUEST POST https://www.googleapis.com/oauth2/v3/token  
 <request body omitted>
[debug] [2020-05-23T09:29:56.726Z] <<< HTTP RESPONSE 200
[debug] [2020-05-23T09:29:56.756Z] >>> HTTP REQUEST POST https://cloudresourcemanager.googleapis.com/v1/projects/wysa-8fb91:testIamPermissions  

[debug] [2020-05-23T09:29:58.673Z] <<< HTTP RESPONSE 200
[debug] [2020-05-23T09:29:58.678Z] >>> HTTP REQUEST GET https://firebase.googleapis.com/v1beta1/projects/wysa-8fb91  
 
[debug] [2020-05-23T09:29:59.389Z] <<< HTTP RESPONSE 200
[info] 
[info] === Deploying to 'wysa-8fb91'...
[info] 
[info] i  deploying hosting
[debug] [2020-05-23T09:29:59.393Z] >>> HTTP REQUEST POST https://firebasehosting.googleapis.com/v1beta1/sites/wysa-8fb91/versions  

